{"pid":2831,"shlvl":2,"level":"INFO","dir":"/home/slm/ws/slm-industries","message":"ZPLUG_LOADFILE is not found","trace":["__zplug::log::write::info:2","__zplug::io::file::load:3","/nix/store/bglb7h1zgrnxr330599y5ypc5xc25q0w-zplug-2.4.2/init.zsh:33","/home/slm/.config/zsh/.zshrc:14","zsh:0"],"date":"2023-05-07T13:48:44+0200"}
{"pid":2950,"shlvl":2,"level":"INFO","dir":"/home/slm/ws/slm-industries","message":"ZPLUG_LOADFILE is not found","trace":["__zplug::log::write::info:2","__zplug::io::file::load:3","/nix/store/bglb7h1zgrnxr330599y5ypc5xc25q0w-zplug-2.4.2/init.zsh:33","/home/slm/.config/zsh/.zshrc:14","zsh:0"],"date":"2023-05-07T13:48:44+0200"}
{"pid":2831,"shlvl":2,"level":"INFO","dir":"/home/slm/ws/slm-industries","message":"turn monitor on","trace":["__zplug::log::write::info:2","__zplug::job::polling::periodic:9","-zsh:1"],"date":"2023-05-07T13:48:44+0200"}
{"pid":2950,"shlvl":2,"level":"INFO","dir":"/home/slm/ws/slm-industries","message":"turn monitor on","trace":["__zplug::log::write::info:2","__zplug::job::polling::periodic:9","-zsh:1"],"date":"2023-05-07T13:48:45+0200"}
{"pid":8245,"shlvl":2,"level":"INFO","dir":"/home/slm/ws/slm-industries","message":"ZPLUG_LOADFILE is not found","trace":["__zplug::log::write::info:2","__zplug::io::file::load:3","/nix/store/bglb7h1zgrnxr330599y5ypc5xc25q0w-zplug-2.4.2/init.zsh:33","/home/slm/.config/zsh/.zshrc:14","zsh:0"],"date":"2023-05-07T13:51:57+0200"}
{"pid":8245,"shlvl":2,"level":"INFO","dir":"/home/slm/ws/slm-industries","message":"turn monitor on","trace":["__zplug::log::write::info:2","__zplug::job::polling::periodic:9","-zsh:1"],"date":"2023-05-07T13:51:57+0200"}
{"pid":12443,"shlvl":3,"level":"INFO","dir":"/home/slm/ws/slm-industries","message":"ZPLUG_LOADFILE is not found","trace":["__zplug::log::write::info:2","__zplug::io::file::load:3","/nix/store/bglb7h1zgrnxr330599y5ypc5xc25q0w-zplug-2.4.2/init.zsh:33","/home/slm/.config/zsh/.zshrc:14","zsh:0"],"date":"2023-05-07T13:53:07+0200"}
{"pid":12443,"shlvl":3,"level":"INFO","dir":"/home/slm/ws/slm-industries","message":"turn monitor on","trace":["__zplug::log::write::info:2","__zplug::job::polling::periodic:9","zsh:1"],"date":"2023-05-07T13:53:08+0200"}
{"pid":16274,"shlvl":4,"level":"INFO","dir":"/home/slm","message":"ZPLUG_LOADFILE is not found","trace":["__zplug::log::write::info:2","__zplug::io::file::load:3","/nix/store/bglb7h1zgrnxr330599y5ypc5xc25q0w-zplug-2.4.2/init.zsh:33","/home/slm/.config/zsh/.zshrc:14","zsh:0"],"date":"2023-05-07T13:54:34+0200"}
{"pid":16274,"shlvl":4,"level":"INFO","dir":"/home/slm","message":"turn monitor on","trace":["__zplug::log::write::info:2","__zplug::job::polling::periodic:9","zsh:1"],"date":"2023-05-07T13:54:36+0200"}
{"pid":26145,"shlvl":5,"level":"INFO","dir":"/home/slm","message":"ZPLUG_LOADFILE is not found","trace":["__zplug::log::write::info:2","__zplug::io::file::load:3","/nix/store/bglb7h1zgrnxr330599y5ypc5xc25q0w-zplug-2.4.2/init.zsh:33","/home/slm/.config/zsh/.zshrc:14","zsh:0"],"date":"2023-05-07T14:53:35+0200"}
{"pid":26145,"shlvl":5,"level":"INFO","dir":"/home/slm","message":"turn monitor on","trace":["__zplug::log::write::info:2","__zplug::job::polling::periodic:9","zsh:1"],"date":"2023-05-07T14:53:35+0200"}
{"pid":27085,"shlvl":2,"level":"INFO","dir":"/home/slm/ws/slm-industries","message":"ZPLUG_LOADFILE is not found","trace":["__zplug::log::write::info:2","__zplug::io::file::load:3","/nix/store/bglb7h1zgrnxr330599y5ypc5xc25q0w-zplug-2.4.2/init.zsh:33","/home/slm/.config/zsh/.zshrc:14","zsh:0"],"date":"2023-05-07T14:54:08+0200"}
{"pid":27085,"shlvl":2,"level":"INFO","dir":"/home/slm/ws/slm-industries","message":"turn monitor on","trace":["__zplug::log::write::info:2","__zplug::job::polling::periodic:9","-zsh:1"],"date":"2023-05-07T14:54:09+0200"}
{"pid":1938,"shlvl":2,"level":"INFO","dir":"/home/slm","message":"ZPLUG_LOADFILE is not found","trace":["__zplug::log::write::info:2","__zplug::io::file::load:3","/nix/store/bglb7h1zgrnxr330599y5ypc5xc25q0w-zplug-2.4.2/init.zsh:33","/home/slm/.config/zsh/.zshrc:14","zsh:0"],"date":"2023-05-07T14:59:29+0200"}
{"pid":2113,"shlvl":2,"level":"INFO","dir":"/home/slm","message":"ZPLUG_LOADFILE is not found","trace":["__zplug::log::write::info:2","__zplug::io::file::load:3","/nix/store/bglb7h1zgrnxr330599y5ypc5xc25q0w-zplug-2.4.2/init.zsh:33","/home/slm/.config/zsh/.zshrc:14","zsh:0"],"date":"2023-05-07T14:59:29+0200"}
{"pid":1938,"shlvl":2,"level":"INFO","dir":"/home/slm","message":"turn monitor on","trace":["__zplug::log::write::info:2","__zplug::job::polling::periodic:9","-zsh:1"],"date":"2023-05-07T14:59:29+0200"}
{"pid":2113,"shlvl":2,"level":"INFO","dir":"/home/slm","message":"turn monitor on","trace":["__zplug::log::write::info:2","__zplug::job::polling::periodic:9","-zsh:1"],"date":"2023-05-07T14:59:30+0200"}
{"pid":5927,"shlvl":2,"level":"INFO","dir":"/home/slm","message":"ZPLUG_LOADFILE is not found","trace":["__zplug::log::write::info:2","__zplug::io::file::load:3","/nix/store/bglb7h1zgrnxr330599y5ypc5xc25q0w-zplug-2.4.2/init.zsh:33","/home/slm/.config/zsh/.zshrc:14","zsh:0"],"date":"2023-05-07T15:00:51+0200"}
{"pid":5927,"shlvl":2,"level":"INFO","dir":"/home/slm","message":"turn monitor on","trace":["__zplug::log::write::info:2","__zplug::job::polling::periodic:9","-zsh:1"],"date":"2023-05-07T15:00:51+0200"}
{"pid":11704,"shlvl":2,"level":"INFO","dir":"/home/slm","message":"ZPLUG_LOADFILE is not found","trace":["__zplug::log::write::info:2","__zplug::io::file::load:3","/nix/store/bglb7h1zgrnxr330599y5ypc5xc25q0w-zplug-2.4.2/init.zsh:33","/home/slm/.config/zsh/.zshrc:14","zsh:0"],"date":"2023-05-07T15:04:26+0200"}
{"pid":11704,"shlvl":2,"level":"INFO","dir":"/home/slm","message":"turn monitor on","trace":["__zplug::log::write::info:2","__zplug::job::polling::periodic:9","-zsh:1"],"date":"2023-05-07T15:04:26+0200"}
