{"pid":8421,"shlvl":3,"level":"INFO","dir":"/home/slm","message":"ZPLUG_LOADFILE is not found","trace":["__zplug::log::write::info:2","__zplug::io::file::load:3","/nix/store/bglb7h1zgrnxr330599y5ypc5xc25q0w-zplug-2.4.2/init.zsh:33","/home/slm/.config/zsh/.zshrc:14","zsh:0"],"date":"2023-05-06T13:30:51+0200"}
{"pid":8421,"shlvl":3,"level":"INFO","dir":"/home/slm","message":"turn monitor on","trace":["__zplug::log::write::info:2","__zplug::job::polling::periodic:9","zsh:1"],"date":"2023-05-06T13:30:52+0200"}
{"pid":9268,"shlvl":3,"level":"INFO","dir":"/home/slm","message":"ZPLUG_LOADFILE is not found","trace":["__zplug::log::write::info:2","__zplug::io::file::load:3","/nix/store/bglb7h1zgrnxr330599y5ypc5xc25q0w-zplug-2.4.2/init.zsh:33","/home/slm/.config/zsh/.zshrc:14","zsh:0"],"date":"2023-05-06T13:33:00+0200"}
{"pid":9268,"shlvl":3,"level":"INFO","dir":"/home/slm","message":"turn monitor on","trace":["__zplug::log::write::info:2","__zplug::job::polling::periodic:9","zsh:1"],"date":"2023-05-06T13:33:00+0200"}
{"pid":12421,"shlvl":2,"level":"INFO","dir":"/home/slm","message":"ZPLUG_LOADFILE is not found","trace":["__zplug::log::write::info:2","__zplug::io::file::load:3","/nix/store/bglb7h1zgrnxr330599y5ypc5xc25q0w-zplug-2.4.2/init.zsh:33","/home/slm/.config/zsh/.zshrc:14","zsh:0"],"date":"2023-05-06T15:00:14+0200"}
{"pid":12421,"shlvl":2,"level":"INFO","dir":"/home/slm","message":"turn monitor on","trace":["__zplug::log::write::info:2","__zplug::job::polling::periodic:9","-zsh:1"],"date":"2023-05-06T15:00:14+0200"}
{"pid":12582,"shlvl":2,"level":"INFO","dir":"/home/slm","message":"ZPLUG_LOADFILE is not found","trace":["__zplug::log::write::info:2","__zplug::io::file::load:3","/nix/store/bglb7h1zgrnxr330599y5ypc5xc25q0w-zplug-2.4.2/init.zsh:33","/home/slm/.config/zsh/.zshrc:14","zsh:0"],"date":"2023-05-06T15:00:14+0200"}
{"pid":12582,"shlvl":2,"level":"INFO","dir":"/home/slm","message":"turn monitor on","trace":["__zplug::log::write::info:2","__zplug::job::polling::periodic:9","-zsh:1"],"date":"2023-05-06T15:00:15+0200"}
{"pid":13353,"shlvl":2,"level":"INFO","dir":"/home/slm/ws","message":"ZPLUG_LOADFILE is not found","trace":["__zplug::log::write::info:2","__zplug::io::file::load:3","/nix/store/bglb7h1zgrnxr330599y5ypc5xc25q0w-zplug-2.4.2/init.zsh:33","/home/slm/.config/zsh/.zshrc:14","zsh:0"],"date":"2023-05-06T15:03:23+0200"}
{"pid":13353,"shlvl":2,"level":"INFO","dir":"/home/slm/ws","message":"turn monitor on","trace":["__zplug::log::write::info:2","__zplug::job::polling::periodic:9","zsh:1"],"date":"2023-05-06T15:03:23+0200"}
{"pid":1161,"shlvl":2,"level":"INFO","dir":"/home/slm","message":"ZPLUG_LOADFILE is not found","trace":["__zplug::log::write::info:2","__zplug::io::file::load:3","/nix/store/bglb7h1zgrnxr330599y5ypc5xc25q0w-zplug-2.4.2/init.zsh:33","/home/slm/.config/zsh/.zshrc:14","zsh:0"],"date":"2023-05-06T15:04:44+0200"}
{"pid":1161,"shlvl":2,"level":"INFO","dir":"/home/slm","message":"turn monitor on","trace":["__zplug::log::write::info:2","__zplug::job::polling::periodic:9","zsh:1"],"date":"2023-05-06T15:04:44+0200"}
{"pid":1276,"shlvl":2,"level":"INFO","dir":"/home/slm","message":"ZPLUG_LOADFILE is not found","trace":["__zplug::log::write::info:2","__zplug::io::file::load:3","/nix/store/bglb7h1zgrnxr330599y5ypc5xc25q0w-zplug-2.4.2/init.zsh:33","/home/slm/.config/zsh/.zshrc:14","zsh:0"],"date":"2023-05-06T15:04:51+0200"}
{"pid":1276,"shlvl":2,"level":"INFO","dir":"/home/slm","message":"turn monitor on","trace":["__zplug::log::write::info:2","__zplug::job::polling::periodic:9","-zsh:1"],"date":"2023-05-06T15:04:51+0200"}
{"pid":1449,"shlvl":2,"level":"INFO","dir":"/home/slm","message":"ZPLUG_LOADFILE is not found","trace":["__zplug::log::write::info:2","__zplug::io::file::load:3","/nix/store/bglb7h1zgrnxr330599y5ypc5xc25q0w-zplug-2.4.2/init.zsh:33","/home/slm/.config/zsh/.zshrc:14","zsh:0"],"date":"2023-05-06T15:04:51+0200"}
{"pid":1449,"shlvl":2,"level":"INFO","dir":"/home/slm","message":"turn monitor on","trace":["__zplug::log::write::info:2","__zplug::job::polling::periodic:9","-zsh:1"],"date":"2023-05-06T15:04:51+0200"}
{"pid":1359,"shlvl":2,"level":"INFO","dir":"/home/slm","message":"ZPLUG_LOADFILE is not found","trace":["__zplug::log::write::info:2","__zplug::io::file::load:3","/nix/store/bglb7h1zgrnxr330599y5ypc5xc25q0w-zplug-2.4.2/init.zsh:33","/home/slm/.config/zsh/.zshrc:14","zsh:0"],"date":"2023-05-06T15:16:10+0200"}
{"pid":1532,"shlvl":2,"level":"INFO","dir":"/home/slm","message":"ZPLUG_LOADFILE is not found","trace":["__zplug::log::write::info:2","__zplug::io::file::load:3","/nix/store/bglb7h1zgrnxr330599y5ypc5xc25q0w-zplug-2.4.2/init.zsh:33","/home/slm/.config/zsh/.zshrc:14","zsh:0"],"date":"2023-05-06T15:16:11+0200"}
{"pid":1359,"shlvl":2,"level":"INFO","dir":"/home/slm","message":"turn monitor on","trace":["__zplug::log::write::info:2","__zplug::job::polling::periodic:9","-zsh:1"],"date":"2023-05-06T15:16:11+0200"}
{"pid":1532,"shlvl":2,"level":"INFO","dir":"/home/slm","message":"turn monitor on","trace":["__zplug::log::write::info:2","__zplug::job::polling::periodic:9","-zsh:1"],"date":"2023-05-06T15:16:11+0200"}
{"pid":2111,"shlvl":2,"level":"INFO","dir":"/home/slm","message":"ZPLUG_LOADFILE is not found","trace":["__zplug::log::write::info:2","__zplug::io::file::load:3","/nix/store/bglb7h1zgrnxr330599y5ypc5xc25q0w-zplug-2.4.2/init.zsh:33","/home/slm/.config/zsh/.zshrc:14","zsh:0"],"date":"2023-05-06T15:16:55+0200"}
{"pid":2111,"shlvl":2,"level":"INFO","dir":"/home/slm","message":"turn monitor on","trace":["__zplug::log::write::info:2","__zplug::job::polling::periodic:9","-zsh:1"],"date":"2023-05-06T15:16:55+0200"}
{"pid":5963,"shlvl":2,"level":"INFO","dir":"/home/slm","message":"ZPLUG_LOADFILE is not found","trace":["__zplug::log::write::info:2","__zplug::io::file::load:3","/nix/store/bglb7h1zgrnxr330599y5ypc5xc25q0w-zplug-2.4.2/init.zsh:33","/home/slm/.config/zsh/.zshrc:14","zsh:0"],"date":"2023-05-06T16:15:03+0200"}
{"pid":5963,"shlvl":2,"level":"INFO","dir":"/home/slm","message":"turn monitor on","trace":["__zplug::log::write::info:2","__zplug::job::polling::periodic:9","-zsh:1"],"date":"2023-05-06T16:15:03+0200"}
{"pid":1892,"shlvl":2,"level":"INFO","dir":"/home/slm/ws/slm-industries","message":"ZPLUG_LOADFILE is not found","trace":["__zplug::log::write::info:2","__zplug::io::file::load:3","/nix/store/bglb7h1zgrnxr330599y5ypc5xc25q0w-zplug-2.4.2/init.zsh:33","/home/slm/.config/zsh/.zshrc:14","zsh:0"],"date":"2023-05-06T16:19:03+0200"}
{"pid":2059,"shlvl":2,"level":"INFO","dir":"/home/slm/ws/slm-industries","message":"ZPLUG_LOADFILE is not found","trace":["__zplug::log::write::info:2","__zplug::io::file::load:3","/nix/store/bglb7h1zgrnxr330599y5ypc5xc25q0w-zplug-2.4.2/init.zsh:33","/home/slm/.config/zsh/.zshrc:14","zsh:0"],"date":"2023-05-06T16:19:03+0200"}
{"pid":1892,"shlvl":2,"level":"INFO","dir":"/home/slm/ws/slm-industries","message":"turn monitor on","trace":["__zplug::log::write::info:2","__zplug::job::polling::periodic:9","-zsh:1"],"date":"2023-05-06T16:19:03+0200"}
{"pid":2059,"shlvl":2,"level":"INFO","dir":"/home/slm/ws/slm-industries","message":"turn monitor on","trace":["__zplug::log::write::info:2","__zplug::job::polling::periodic:9","-zsh:1"],"date":"2023-05-06T16:19:03+0200"}
{"pid":2644,"shlvl":2,"level":"INFO","dir":"/home/slm/ws/slm-industries","message":"ZPLUG_LOADFILE is not found","trace":["__zplug::log::write::info:2","__zplug::io::file::load:3","/nix/store/bglb7h1zgrnxr330599y5ypc5xc25q0w-zplug-2.4.2/init.zsh:33","/home/slm/.config/zsh/.zshrc:14","zsh:0"],"date":"2023-05-06T16:19:56+0200"}
{"pid":2644,"shlvl":2,"level":"INFO","dir":"/home/slm/ws/slm-industries","message":"turn monitor on","trace":["__zplug::log::write::info:2","__zplug::job::polling::periodic:9","-zsh:1"],"date":"2023-05-06T16:19:56+0200"}
{"pid":3904,"shlvl":3,"level":"INFO","dir":"/home/slm/ws/slm-industries","message":"ZPLUG_LOADFILE is not found","trace":["__zplug::log::write::info:2","__zplug::io::file::load:3","/nix/store/bglb7h1zgrnxr330599y5ypc5xc25q0w-zplug-2.4.2/init.zsh:33","/home/slm/.config/zsh/.zshrc:14","zsh:0"],"date":"2023-05-06T16:20:29+0200"}
{"pid":3904,"shlvl":3,"level":"INFO","dir":"/home/slm/ws/slm-industries","message":"turn monitor on","trace":["__zplug::log::write::info:2","__zplug::job::polling::periodic:9","zsh:1"],"date":"2023-05-06T16:20:29+0200"}
{"pid":8840,"shlvl":2,"level":"INFO","dir":"/home/slm/ws/slm-industries/dockyard","message":"ZPLUG_LOADFILE is not found","trace":["__zplug::log::write::info:2","__zplug::io::file::load:3","/nix/store/bglb7h1zgrnxr330599y5ypc5xc25q0w-zplug-2.4.2/init.zsh:33","/home/slm/.config/zsh/.zshrc:14","zsh:0"],"date":"2023-05-06T16:23:11+0200"}
{"pid":8840,"shlvl":2,"level":"INFO","dir":"/home/slm/ws/slm-industries/dockyard","message":"turn monitor on","trace":["__zplug::log::write::info:2","__zplug::job::polling::periodic:9","-zsh:1"],"date":"2023-05-06T16:23:12+0200"}
{"pid":9505,"shlvl":2,"level":"INFO","dir":"/home/slm/ws/slm-industries/dockyard","message":"ZPLUG_LOADFILE is not found","trace":["__zplug::log::write::info:2","__zplug::io::file::load:3","/nix/store/bglb7h1zgrnxr330599y5ypc5xc25q0w-zplug-2.4.2/init.zsh:33","/home/slm/.config/zsh/.zshrc:14","zsh:0"],"date":"2023-05-06T16:23:17+0200"}
{"pid":9505,"shlvl":2,"level":"INFO","dir":"/home/slm/ws/slm-industries/dockyard","message":"turn monitor on","trace":["__zplug::log::write::info:2","__zplug::job::polling::periodic:9","-zsh:1"],"date":"2023-05-06T16:23:17+0200"}
{"pid":13774,"shlvl":2,"level":"INFO","dir":"/home/slm","message":"ZPLUG_LOADFILE is not found","trace":["__zplug::log::write::info:2","__zplug::io::file::load:3","/nix/store/bglb7h1zgrnxr330599y5ypc5xc25q0w-zplug-2.4.2/init.zsh:33","/home/slm/.config/zsh/.zshrc:14","zsh:0"],"date":"2023-05-06T16:30:41+0200"}
{"pid":13774,"shlvl":2,"level":"INFO","dir":"/home/slm","message":"turn monitor on","trace":["__zplug::log::write::info:2","__zplug::job::polling::periodic:9","-zsh:1"],"date":"2023-05-06T16:30:41+0200"}
{"pid":13988,"shlvl":2,"level":"INFO","dir":"/home/slm","message":"ZPLUG_LOADFILE is not found","trace":["__zplug::log::write::info:2","__zplug::io::file::load:3","/nix/store/bglb7h1zgrnxr330599y5ypc5xc25q0w-zplug-2.4.2/init.zsh:33","/home/slm/.config/zsh/.zshrc:14","zsh:0"],"date":"2023-05-06T16:30:45+0200"}
{"pid":13988,"shlvl":2,"level":"INFO","dir":"/home/slm","message":"turn monitor on","trace":["__zplug::log::write::info:2","__zplug::job::polling::periodic:9","-zsh:1"],"date":"2023-05-06T16:30:45+0200"}
{"pid":17124,"shlvl":2,"level":"INFO","dir":"/home/slm/ws/slm-industries","message":"ZPLUG_LOADFILE is not found","trace":["__zplug::log::write::info:2","__zplug::io::file::load:3","/nix/store/bglb7h1zgrnxr330599y5ypc5xc25q0w-zplug-2.4.2/init.zsh:33","/home/slm/.config/zsh/.zshrc:14","zsh:0"],"date":"2023-05-06T16:31:52+0200"}
{"pid":17124,"shlvl":2,"level":"INFO","dir":"/home/slm/ws/slm-industries","message":"turn monitor on","trace":["__zplug::log::write::info:2","__zplug::job::polling::periodic:9","-zsh:1"],"date":"2023-05-06T16:31:52+0200"}
{"pid":27847,"shlvl":2,"level":"INFO","dir":"/home/slm","message":"ZPLUG_LOADFILE is not found","trace":["__zplug::log::write::info:2","__zplug::io::file::load:3","/nix/store/bglb7h1zgrnxr330599y5ypc5xc25q0w-zplug-2.4.2/init.zsh:33","/home/slm/.config/zsh/.zshrc:14","zsh:0"],"date":"2023-05-06T18:16:39+0200"}
{"pid":27847,"shlvl":2,"level":"INFO","dir":"/home/slm","message":"turn monitor on","trace":["__zplug::log::write::info:2","__zplug::job::polling::periodic:9","-zsh:1"],"date":"2023-05-06T18:16:39+0200"}
{"pid":1187,"shlvl":2,"level":"INFO","dir":"/home/slm","message":"ZPLUG_LOADFILE is not found","trace":["__zplug::log::write::info:2","__zplug::io::file::load:3","/nix/store/bglb7h1zgrnxr330599y5ypc5xc25q0w-zplug-2.4.2/init.zsh:33","/home/slm/.config/zsh/.zshrc:14","zsh:0"],"date":"2023-05-06T18:17:08+0200"}
{"pid":1351,"shlvl":2,"level":"INFO","dir":"/home/slm","message":"ZPLUG_LOADFILE is not found","trace":["__zplug::log::write::info:2","__zplug::io::file::load:3","/nix/store/bglb7h1zgrnxr330599y5ypc5xc25q0w-zplug-2.4.2/init.zsh:33","/home/slm/.config/zsh/.zshrc:14","zsh:0"],"date":"2023-05-06T18:17:08+0200"}
{"pid":1187,"shlvl":2,"level":"INFO","dir":"/home/slm","message":"turn monitor on","trace":["__zplug::log::write::info:2","__zplug::job::polling::periodic:9","-zsh:1"],"date":"2023-05-06T18:17:08+0200"}
{"pid":1351,"shlvl":2,"level":"INFO","dir":"/home/slm","message":"turn monitor on","trace":["__zplug::log::write::info:2","__zplug::job::polling::periodic:9","-zsh:1"],"date":"2023-05-06T18:17:09+0200"}
{"pid":3362,"shlvl":2,"level":"INFO","dir":"/home/slm","message":"ZPLUG_LOADFILE is not found","trace":["__zplug::log::write::info:2","__zplug::io::file::load:3","/nix/store/bglb7h1zgrnxr330599y5ypc5xc25q0w-zplug-2.4.2/init.zsh:33","/home/slm/.config/zsh/.zshrc:14","zsh:0"],"date":"2023-05-06T18:17:57+0200"}
{"pid":3362,"shlvl":2,"level":"INFO","dir":"/home/slm","message":"turn monitor on","trace":["__zplug::log::write::info:2","__zplug::job::polling::periodic:9","-zsh:1"],"date":"2023-05-06T18:17:58+0200"}
{"pid":3820,"shlvl":2,"level":"INFO","dir":"/home/slm","message":"ZPLUG_LOADFILE is not found","trace":["__zplug::log::write::info:2","__zplug::io::file::load:3","/nix/store/bglb7h1zgrnxr330599y5ypc5xc25q0w-zplug-2.4.2/init.zsh:33","/home/slm/.config/zsh/.zshrc:14","zsh:0"],"date":"2023-05-06T18:18:18+0200"}
{"pid":3820,"shlvl":2,"level":"INFO","dir":"/home/slm","message":"turn monitor on","trace":["__zplug::log::write::info:2","__zplug::job::polling::periodic:9","-zsh:1"],"date":"2023-05-06T18:18:18+0200"}
{"pid":3994,"shlvl":2,"level":"INFO","dir":"/home/slm","message":"ZPLUG_LOADFILE is not found","trace":["__zplug::log::write::info:2","__zplug::io::file::load:3","/nix/store/bglb7h1zgrnxr330599y5ypc5xc25q0w-zplug-2.4.2/init.zsh:33","/home/slm/.config/zsh/.zshrc:14","zsh:0"],"date":"2023-05-06T18:18:18+0200"}
{"pid":3994,"shlvl":2,"level":"INFO","dir":"/home/slm","message":"turn monitor on","trace":["__zplug::log::write::info:2","__zplug::job::polling::periodic:9","-zsh:1"],"date":"2023-05-06T18:18:18+0200"}
{"pid":5017,"shlvl":2,"level":"INFO","dir":"/home/slm","message":"ZPLUG_LOADFILE is not found","trace":["__zplug::log::write::info:2","__zplug::io::file::load:3","/nix/store/bglb7h1zgrnxr330599y5ypc5xc25q0w-zplug-2.4.2/init.zsh:33","/home/slm/.config/zsh/.zshrc:14","zsh:0"],"date":"2023-05-06T18:18:31+0200"}
{"pid":5017,"shlvl":2,"level":"INFO","dir":"/home/slm","message":"turn monitor on","trace":["__zplug::log::write::info:2","__zplug::job::polling::periodic:9","-zsh:1"],"date":"2023-05-06T18:18:32+0200"}
{"pid":5209,"shlvl":2,"level":"INFO","dir":"/home/slm","message":"ZPLUG_LOADFILE is not found","trace":["__zplug::log::write::info:2","__zplug::io::file::load:3","/nix/store/bglb7h1zgrnxr330599y5ypc5xc25q0w-zplug-2.4.2/init.zsh:33","/home/slm/.config/zsh/.zshrc:14","zsh:0"],"date":"2023-05-06T18:18:33+0200"}
{"pid":5209,"shlvl":2,"level":"INFO","dir":"/home/slm","message":"turn monitor on","trace":["__zplug::log::write::info:2","__zplug::job::polling::periodic:9","-zsh:1"],"date":"2023-05-06T18:18:34+0200"}
{"pid":66227,"shlvl":2,"level":"INFO","dir":"/home/slm","message":"ZPLUG_LOADFILE is not found","trace":["__zplug::log::write::info:2","__zplug::io::file::load:3","/nix/store/bglb7h1zgrnxr330599y5ypc5xc25q0w-zplug-2.4.2/init.zsh:33","/home/slm/.config/zsh/.zshrc:14","zsh:0"],"date":"2023-05-06T20:55:12+0200"}
{"pid":66227,"shlvl":2,"level":"INFO","dir":"/home/slm","message":"turn monitor on","trace":["__zplug::log::write::info:2","__zplug::job::polling::periodic:9","-zsh:1"],"date":"2023-05-06T20:55:13+0200"}
{"pid":67055,"shlvl":2,"level":"INFO","dir":"/home/slm","message":"ZPLUG_LOADFILE is not found","trace":["__zplug::log::write::info:2","__zplug::io::file::load:3","/nix/store/bglb7h1zgrnxr330599y5ypc5xc25q0w-zplug-2.4.2/init.zsh:33","/home/slm/.config/zsh/.zshrc:14","zsh:0"],"date":"2023-05-06T20:55:34+0200"}
{"pid":67228,"shlvl":2,"level":"INFO","dir":"/home/slm","message":"ZPLUG_LOADFILE is not found","trace":["__zplug::log::write::info:2","__zplug::io::file::load:3","/nix/store/bglb7h1zgrnxr330599y5ypc5xc25q0w-zplug-2.4.2/init.zsh:33","/home/slm/.config/zsh/.zshrc:14","zsh:0"],"date":"2023-05-06T20:55:34+0200"}
{"pid":67055,"shlvl":2,"level":"INFO","dir":"/home/slm","message":"turn monitor on","trace":["__zplug::log::write::info:2","__zplug::job::polling::periodic:9","-zsh:1"],"date":"2023-05-06T20:55:34+0200"}
{"pid":67228,"shlvl":2,"level":"INFO","dir":"/home/slm","message":"turn monitor on","trace":["__zplug::log::write::info:2","__zplug::job::polling::periodic:9","-zsh:1"],"date":"2023-05-06T20:55:34+0200"}
